<?xml version="1.0" encoding="UTF-8"?>
<!-- Generated by org.testng.reporters.JUnitReportReporter -->
<testsuite hostname="Geeta_Laptop" failures="0" tests="1" name="com.qa.gorestapi.tests.GetUserWithDeserializationTest" time="5.271" errors="0" timestamp="2025-09-20T11:02:22 IST" skipped="0">
  <testcase classname="com.qa.gorestapi.tests.GetUserWithDeserializationTest" name="getDeserilizedUserTest" time="5.271"/>
</testsuite> <!-- com.qa.gorestapi.tests.GetUserWithDeserializationTest -->
