<?xml version="1.0" encoding="UTF-8"?>
<!-- Generated by org.testng.reporters.JUnitReportReporter -->
<testsuite hostname="Geeta_Laptop" failures="0" tests="1" name="com.qa.gorestapi.tests.DeleteUserTest" time="19.881" errors="0" timestamp="2025-09-16T15:21:36 IST" skipped="0">
  <testcase classname="com.qa.gorestapi.tests.DeleteUserTest" name="deleteUserTest" time="19.881"/>
</testsuite> <!-- com.qa.gorestapi.tests.DeleteUserTest -->
