<?xml version="1.0" encoding="UTF-8"?>
<!-- Generated by org.testng.reporters.JUnitReportReporter -->
<testsuite hostname="Geeta_Laptop" failures="0" tests="2" name="com.qa.gorestapi.tests.GetUserTest" time="3.518" errors="0" timestamp="2025-09-16T15:21:36 IST" skipped="1">
  <testcase classname="com.qa.gorestapi.tests.GetUserTest" name="getAllUserTest" time="3.518"/>
  <testcase classname="com.qa.gorestapi.tests.GetUserTest" name="getSingleUserTest">
    <skipped/>
  </testcase> <!-- getSingleUserTest -->
</testsuite> <!-- com.qa.gorestapi.tests.GetUserTest -->
