<?xml version="1.0" encoding="UTF-8"?>
<!-- Generated by org.testng.reporters.JUnitReportReporter -->
<testsuite hostname="Geeta_Laptop" failures="0" tests="1" name="com.qa.gorestapi.schemaValidation.tests.UserAPISchemaValidationTest" time="10.955" errors="0" timestamp="2025-09-16T18:14:01 IST" skipped="0">
  <testcase classname="com.qa.gorestapi.schemaValidation.tests.UserAPISchemaValidationTest" name="createUserWithBuilderTest" time="10.955"/>
</testsuite> <!-- com.qa.gorestapi.schemaValidation.tests.UserAPISchemaValidationTest -->
