<?xml version="1.0" encoding="UTF-8"?>
<!-- Generated by org.testng.reporters.JUnitReportReporter -->
<testsuite hostname="Geeta_Laptop" failures="0" tests="1" name="com.qa.gorestapi.tests.CreateUserTest" time="9.769" errors="0" timestamp="2025-09-20T14:32:00 IST" skipped="0">
  <testcase classname="com.qa.gorestapi.tests.CreateUserTest" name="createUserWithJSONFile" time="9.769"/>
</testsuite> <!-- com.qa.gorestapi.tests.CreateUserTest -->
