<?xml version="1.0" encoding="UTF-8"?>
<!-- Generated by org.testng.reporters.JUnitReportReporter -->
<testsuite hostname="Geeta_Laptop" failures="0" tests="1" name="com.qa.gorestapi.tests.UserAPIWithDynamicJsonFile" time="4.737" errors="0" timestamp="2025-09-17T19:06:49 IST" skipped="0">
  <testcase classname="com.qa.gorestapi.tests.UserAPIWithDynamicJsonFile" name="createUserwithJsonFileTest" time="4.737"/>
</testsuite> <!-- com.qa.gorestapi.tests.UserAPIWithDynamicJsonFile -->
