<?xml version="1.0" encoding="UTF-8"?>
<!-- Generated by org.testng.reporters.JUnitReportReporter -->
<testsuite hostname="Geeta_Laptop" failures="0" tests="2" name="com.qa.gorestapi.tests.PartialUserUpdateTest" time="16.966" errors="0" timestamp="2025-09-19T20:56:00 IST" skipped="0">
  <testcase classname="com.qa.gorestapi.tests.PartialUserUpdateTest" name="updateUserTest" time="5.785"/>
  <testcase classname="com.qa.gorestapi.tests.PartialUserUpdateTest" name="updateUserTest" time="11.181"/>
</testsuite> <!-- com.qa.gorestapi.tests.PartialUserUpdateTest -->
